2026-05-04 10:01:28,008 [Worker-7: Loading available Gradle versions] INFO  o.e.b.c.i.u.g.PublishedGradleVersions - Gradle version information cache is not available. Remote download required.
2026-05-04 10:01:57,652 [Worker-44: Importing Maven projects] INFO  o.e.m.c.i.l.LifecycleMappingFactory - Using org.eclipse.m2e.jdt.JarLifecycleMapping lifecycle mapping for MavenProject: com.example:myapp:1.0-SNAPSHOT @ /home/aiml/srinidhir/maven_project/myapp/pom.xml.
2026-05-04 10:01:57,910 [Worker-44: Importing Maven projects] INFO  o.e.m.j.i.AbstractJavaProjectConfigurator - Adding source folder /myapp/src/main/java
2026-05-04 10:01:57,911 [Worker-44: Importing Maven projects] INFO  o.e.m.j.i.AbstractJavaProjectConfigurator - Adding resource folder /myapp/src/main/resources
2026-05-04 10:01:57,912 [Worker-44: Importing Maven projects] INFO  o.e.m.j.i.AbstractJavaProjectConfigurator - Adding source folder /myapp/src/test/java
2026-05-04 10:01:57,912 [Worker-44: Importing Maven projects] INFO  o.e.m.j.i.AbstractJavaProjectConfigurator - Adding resource folder /myapp/src/test/resources
2026-05-04 10:01:58,225 [Worker-44: Importing Maven projects] WARN  o.apache.maven.project.MavenProject - Plugin is modifying compileSourceRoots through clear(), which will not work in Maven 4.0.0. Use MavenProject.addCompileSourceRoot()/removeCompileSourceRoot() methods instead. If using a plugin, please upgrade to the latest version or report the issue to the plugin maintainer. To disable these warnings, set -Dmaven.project.sourceRoots.warningsDisabled=true on the command line, in the .mvn/maven.config file, or in project POM properties.
2026-05-04 10:01:58,226 [Worker-44: Importing Maven projects] WARN  o.apache.maven.project.MavenProject - Plugin is modifying compileSourceRoots through add(), which will not work in Maven 4.0.0. Use MavenProject.addCompileSourceRoot()/removeCompileSourceRoot() methods instead. If using a plugin, please upgrade to the latest version or report the issue to the plugin maintainer. To disable these warnings, set -Dmaven.project.sourceRoots.warningsDisabled=true on the command line, in the .mvn/maven.config file, or in project POM properties.
2026-05-04 10:01:58,226 [Worker-44: Importing Maven projects] WARN  o.apache.maven.project.MavenProject - Plugin is modifying testCompileSourceRoots through clear(), which will not work in Maven 4.0.0. Use MavenProject.addTestCompileSourceRoot()/removeTestCompileSourceRoot() methods instead. If using a plugin, please upgrade to the latest version or report the issue to the plugin maintainer. To disable these warnings, set -Dmaven.project.sourceRoots.warningsDisabled=true on the command line, in the .mvn/maven.config file, or in project POM properties.
2026-05-04 10:01:58,226 [Worker-44: Importing Maven projects] WARN  o.apache.maven.project.MavenProject - Plugin is modifying testCompileSourceRoots through add(), which will not work in Maven 4.0.0. Use MavenProject.addTestCompileSourceRoot()/removeTestCompileSourceRoot() methods instead. If using a plugin, please upgrade to the latest version or report the issue to the plugin maintainer. To disable these warnings, set -Dmaven.project.sourceRoots.warningsDisabled=true on the command line, in the .mvn/maven.config file, or in project POM properties.
2026-05-04 10:01:58,237 [Worker-44: Importing Maven projects] INFO  o.e.m.c.i.p.ProjectConfigurationManager - Imported and configured 1 project(s) in 0 sec
2026-05-04 10:01:58,633 [Worker-25: Building] WARN  o.a.m.s.f.DefaultMavenResourcesFiltering - Using platform encoding (UTF-8 actually) to copy filtered resources, i.e. build is platform dependent!
2026-05-04 10:01:58,633 [Worker-25: Building] INFO  o.a.m.s.f.DefaultMavenResourcesFiltering - skip non existing resourceDirectory /home/aiml/srinidhir/maven_project/myapp/src/main/resources
2026-05-04 10:01:58,636 [Worker-25: Building] WARN  o.a.m.s.f.DefaultMavenResourcesFiltering - Using platform encoding (UTF-8 actually) to copy filtered resources, i.e. build is platform dependent!
2026-05-04 10:01:58,636 [Worker-25: Building] INFO  o.a.m.s.f.DefaultMavenResourcesFiltering - skip non existing resourceDirectory /home/aiml/srinidhir/maven_project/myapp/src/test/resources
2026-05-04 10:01:58,788 [Worker-25: Building] WARN  o.apache.maven.project.MavenProject - Plugin is modifying compileSourceRoots through clear(), which will not work in Maven 4.0.0. Use MavenProject.addCompileSourceRoot()/removeCompileSourceRoot() methods instead. If using a plugin, please upgrade to the latest version or report the issue to the plugin maintainer. To disable these warnings, set -Dmaven.project.sourceRoots.warningsDisabled=true on the command line, in the .mvn/maven.config file, or in project POM properties.
2026-05-04 10:01:58,789 [Worker-25: Building] WARN  o.apache.maven.project.MavenProject - Plugin is modifying compileSourceRoots through add(), which will not work in Maven 4.0.0. Use MavenProject.addCompileSourceRoot()/removeCompileSourceRoot() methods instead. If using a plugin, please upgrade to the latest version or report the issue to the plugin maintainer. To disable these warnings, set -Dmaven.project.sourceRoots.warningsDisabled=true on the command line, in the .mvn/maven.config file, or in project POM properties.
2026-05-04 10:01:58,789 [Worker-25: Building] WARN  o.apache.maven.project.MavenProject - Plugin is modifying testCompileSourceRoots through clear(), which will not work in Maven 4.0.0. Use MavenProject.addTestCompileSourceRoot()/removeTestCompileSourceRoot() methods instead. If using a plugin, please upgrade to the latest version or report the issue to the plugin maintainer. To disable these warnings, set -Dmaven.project.sourceRoots.warningsDisabled=true on the command line, in the .mvn/maven.config file, or in project POM properties.
2026-05-04 10:01:58,789 [Worker-25: Building] WARN  o.apache.maven.project.MavenProject - Plugin is modifying testCompileSourceRoots through add(), which will not work in Maven 4.0.0. Use MavenProject.addTestCompileSourceRoot()/removeTestCompileSourceRoot() methods instead. If using a plugin, please upgrade to the latest version or report the issue to the plugin maintainer. To disable these warnings, set -Dmaven.project.sourceRoots.warningsDisabled=true on the command line, in the .mvn/maven.config file, or in project POM properties.
2026-05-04 10:02:43,599 [main] INFO  o.e.m2e.actions.ExecutePomAction - Creating new launch configuration
2026-05-04 10:02:56,596 [Worker-23: Launching myapp] INFO  o.eclipse.m2e.core.internal.Bundles - getClasspathEntries(Bundle=org.eclipse.m2e.maven.runtime_3.9.1200.20260112-2306 [663])
2026-05-04 10:02:56,597 [Worker-23: Launching myapp] INFO  o.eclipse.m2e.core.internal.Bundles - 	Entry: /snap/eclipse/132/usr/lib/eclipse/plugins/org.eclipse.m2e.maven.runtime_3.9.1200.20260112-2306
2026-05-04 10:02:56,597 [Worker-23: Launching myapp] INFO  o.eclipse.m2e.core.internal.Bundles - 	Entry: /snap/eclipse/132/usr/lib/eclipse/plugins/org.eclipse.m2e.maven.runtime_3.9.1200.20260112-2306/jars/aopalliance-1.0.jar
2026-05-04 10:02:56,597 [Worker-23: Launching myapp] INFO  o.eclipse.m2e.core.internal.Bundles - 	Entry: /snap/eclipse/132/usr/lib/eclipse/plugins/org.eclipse.m2e.maven.runtime_3.9.1200.20260112-2306/jars/asm-9.9.jar
2026-05-04 10:02:56,597 [Worker-23: Launching myapp] INFO  o.eclipse.m2e.core.internal.Bundles - 	Entry: /snap/eclipse/132/usr/lib/eclipse/plugins/org.eclipse.m2e.maven.runtime_3.9.1200.20260112-2306/jars/error_prone_annotations-2.41.0.jar
2026-05-04 10:02:56,597 [Worker-23: Launching myapp] INFO  o.eclipse.m2e.core.internal.Bundles - 	Entry: /snap/eclipse/132/usr/lib/eclipse/plugins/org.eclipse.m2e.maven.runtime_3.9.1200.20260112-2306/jars/gson-2.13.2.jar
2026-05-04 10:02:56,597 [Worker-23: Launching myapp] INFO  o.eclipse.m2e.core.internal.Bundles - 	Entry: /snap/eclipse/132/usr/lib/eclipse/plugins/org.eclipse.m2e.maven.runtime_3.9.1200.20260112-2306/jars/guice-5.1.0-classes.jar
2026-05-04 10:02:56,597 [Worker-23: Launching myapp] INFO  o.eclipse.m2e.core.internal.Bundles - 	Entry: /snap/eclipse/132/usr/lib/eclipse/plugins/org.eclipse.m2e.maven.runtime_3.9.1200.20260112-2306/jars/httpclient-4.5.14.jar
2026-05-04 10:02:56,597 [Worker-23: Launching myapp] INFO  o.eclipse.m2e.core.internal.Bundles - 	Entry: /snap/eclipse/132/usr/lib/eclipse/plugins/org.eclipse.m2e.maven.runtime_3.9.1200.20260112-2306/jars/httpcore-4.4.16.jar
2026-05-04 10:02:56,597 [Worker-23: Launching myapp] INFO  o.eclipse.m2e.core.internal.Bundles - 	Entry: /snap/eclipse/132/usr/lib/eclipse/plugins/org.eclipse.m2e.maven.runtime_3.9.1200.20260112-2306/jars/jansi-2.4.2.jar
2026-05-04 10:02:56,597 [Worker-23: Launching myapp] INFO  o.eclipse.m2e.core.internal.Bundles - 	Entry: /snap/eclipse/132/usr/lib/eclipse/plugins/org.eclipse.m2e.maven.runtime_3.9.1200.20260112-2306/jars/jcl-over-slf4j-1.7.36.jar
2026-05-04 10:02:56,597 [Worker-23: Launching myapp] INFO  o.eclipse.m2e.core.internal.Bundles - 	Entry: /snap/eclipse/132/usr/lib/eclipse/plugins/org.eclipse.m2e.maven.runtime_3.9.1200.20260112-2306/jars/maven-artifact-3.9.12.jar
2026-05-04 10:02:56,597 [Worker-23: Launching myapp] INFO  o.eclipse.m2e.core.internal.Bundles - 	Entry: /snap/eclipse/132/usr/lib/eclipse/plugins/org.eclipse.m2e.maven.runtime_3.9.1200.20260112-2306/jars/maven-builder-support-3.9.12.jar
2026-05-04 10:02:56,597 [Worker-23: Launching myapp] INFO  o.eclipse.m2e.core.internal.Bundles - 	Entry: /snap/eclipse/132/usr/lib/eclipse/plugins/org.eclipse.m2e.maven.runtime_3.9.1200.20260112-2306/jars/maven-compat-3.9.12.jar
2026-05-04 10:02:56,597 [Worker-23: Launching myapp] INFO  o.eclipse.m2e.core.internal.Bundles - 	Entry: /snap/eclipse/132/usr/lib/eclipse/plugins/org.eclipse.m2e.maven.runtime_3.9.1200.20260112-2306/jars/maven-core-3.9.12.jar
2026-05-04 10:02:56,597 [Worker-23: Launching myapp] INFO  o.eclipse.m2e.core.internal.Bundles - 	Entry: /snap/eclipse/132/usr/lib/eclipse/plugins/org.eclipse.m2e.maven.runtime_3.9.1200.20260112-2306/jars/maven-embedder-3.9.12.jar
2026-05-04 10:02:56,598 [Worker-23: Launching myapp] INFO  o.eclipse.m2e.core.internal.Bundles - 	Entry: /snap/eclipse/132/usr/lib/eclipse/plugins/org.eclipse.m2e.maven.runtime_3.9.1200.20260112-2306/jars/maven-model-3.9.12.jar
2026-05-04 10:02:56,598 [Worker-23: Launching myapp] INFO  o.eclipse.m2e.core.internal.Bundles - 	Entry: /snap/eclipse/132/usr/lib/eclipse/plugins/org.eclipse.m2e.maven.runtime_3.9.1200.20260112-2306/jars/maven-model-builder-3.9.12.jar
2026-05-04 10:02:56,598 [Worker-23: Launching myapp] INFO  o.eclipse.m2e.core.internal.Bundles - 	Entry: /snap/eclipse/132/usr/lib/eclipse/plugins/org.eclipse.m2e.maven.runtime_3.9.1200.20260112-2306/jars/maven-plugin-api-3.9.12.jar
2026-05-04 10:02:56,598 [Worker-23: Launching myapp] INFO  o.eclipse.m2e.core.internal.Bundles - 	Entry: /snap/eclipse/132/usr/lib/eclipse/plugins/org.eclipse.m2e.maven.runtime_3.9.1200.20260112-2306/jars/maven-repository-metadata-3.9.12.jar
2026-05-04 10:02:56,598 [Worker-23: Launching myapp] INFO  o.eclipse.m2e.core.internal.Bundles - 	Entry: /snap/eclipse/132/usr/lib/eclipse/plugins/org.eclipse.m2e.maven.runtime_3.9.1200.20260112-2306/jars/maven-resolver-api-1.9.25.jar
2026-05-04 10:02:56,598 [Worker-23: Launching myapp] INFO  o.eclipse.m2e.core.internal.Bundles - 	Entry: /snap/eclipse/132/usr/lib/eclipse/plugins/org.eclipse.m2e.maven.runtime_3.9.1200.20260112-2306/jars/maven-resolver-connector-basic-1.9.25.jar
2026-05-04 10:02:56,598 [Worker-23: Launching myapp] INFO  o.eclipse.m2e.core.internal.Bundles - 	Entry: /snap/eclipse/132/usr/lib/eclipse/plugins/org.eclipse.m2e.maven.runtime_3.9.1200.20260112-2306/jars/maven-resolver-impl-1.9.25.jar
2026-05-04 10:02:56,598 [Worker-23: Launching myapp] INFO  o.eclipse.m2e.core.internal.Bundles - 	Entry: /snap/eclipse/132/usr/lib/eclipse/plugins/org.eclipse.m2e.maven.runtime_3.9.1200.20260112-2306/jars/maven-resolver-named-locks-1.9.25.jar
2026-05-04 10:02:56,598 [Worker-23: Launching myapp] INFO  o.eclipse.m2e.core.internal.Bundles - 	Entry: /snap/eclipse/132/usr/lib/eclipse/plugins/org.eclipse.m2e.maven.runtime_3.9.1200.20260112-2306/jars/maven-resolver-provider-3.9.12.jar
2026-05-04 10:02:56,598 [Worker-23: Launching myapp] INFO  o.eclipse.m2e.core.internal.Bundles - 	Entry: /snap/eclipse/132/usr/lib/eclipse/plugins/org.eclipse.m2e.maven.runtime_3.9.1200.20260112-2306/jars/maven-resolver-spi-1.9.25.jar
2026-05-04 10:02:56,598 [Worker-23: Launching myapp] INFO  o.eclipse.m2e.core.internal.Bundles - 	Entry: /snap/eclipse/132/usr/lib/eclipse/plugins/org.eclipse.m2e.maven.runtime_3.9.1200.20260112-2306/jars/maven-resolver-transport-file-1.9.25.jar
2026-05-04 10:02:56,598 [Worker-23: Launching myapp] INFO  o.eclipse.m2e.core.internal.Bundles - 	Entry: /snap/eclipse/132/usr/lib/eclipse/plugins/org.eclipse.m2e.maven.runtime_3.9.1200.20260112-2306/jars/maven-resolver-transport-http-1.9.25.jar
2026-05-04 10:02:56,598 [Worker-23: Launching myapp] INFO  o.eclipse.m2e.core.internal.Bundles - 	Entry: /snap/eclipse/132/usr/lib/eclipse/plugins/org.eclipse.m2e.maven.runtime_3.9.1200.20260112-2306/jars/maven-resolver-transport-wagon-1.9.25.jar
2026-05-04 10:02:56,598 [Worker-23: Launching myapp] INFO  o.eclipse.m2e.core.internal.Bundles - 	Entry: /snap/eclipse/132/usr/lib/eclipse/plugins/org.eclipse.m2e.maven.runtime_3.9.1200.20260112-2306/jars/maven-resolver-util-1.9.25.jar
2026-05-04 10:02:56,598 [Worker-23: Launching myapp] INFO  o.eclipse.m2e.core.internal.Bundles - 	Entry: /snap/eclipse/132/usr/lib/eclipse/plugins/org.eclipse.m2e.maven.runtime_3.9.1200.20260112-2306/jars/maven-settings-3.9.12.jar
2026-05-04 10:02:56,598 [Worker-23: Launching myapp] INFO  o.eclipse.m2e.core.internal.Bundles - 	Entry: /snap/eclipse/132/usr/lib/eclipse/plugins/org.eclipse.m2e.maven.runtime_3.9.1200.20260112-2306/jars/maven-settings-builder-3.9.12.jar
2026-05-04 10:02:56,598 [Worker-23: Launching myapp] INFO  o.eclipse.m2e.core.internal.Bundles - 	Entry: /snap/eclipse/132/usr/lib/eclipse/plugins/org.eclipse.m2e.maven.runtime_3.9.1200.20260112-2306/jars/maven-shared-utils-3.4.2.jar
2026-05-04 10:02:56,598 [Worker-23: Launching myapp] INFO  o.eclipse.m2e.core.internal.Bundles - 	Entry: /snap/eclipse/132/usr/lib/eclipse/plugins/org.eclipse.m2e.maven.runtime_3.9.1200.20260112-2306/jars/org.eclipse.sisu.inject-0.9.0.M4.jar
2026-05-04 10:02:56,598 [Worker-23: Launching myapp] INFO  o.eclipse.m2e.core.internal.Bundles - 	Entry: /snap/eclipse/132/usr/lib/eclipse/plugins/org.eclipse.m2e.maven.runtime_3.9.1200.20260112-2306/jars/org.eclipse.sisu.plexus-0.9.0.M4.jar
2026-05-04 10:02:56,598 [Worker-23: Launching myapp] INFO  o.eclipse.m2e.core.internal.Bundles - 	Entry: /snap/eclipse/132/usr/lib/eclipse/plugins/org.eclipse.m2e.maven.runtime_3.9.1200.20260112-2306/jars/plexus-build-api-0.0.7.jar
2026-05-04 10:02:56,598 [Worker-23: Launching myapp] INFO  o.eclipse.m2e.core.internal.Bundles - 	Entry: /snap/eclipse/132/usr/lib/eclipse/plugins/org.eclipse.m2e.maven.runtime_3.9.1200.20260112-2306/jars/plexus-build-api-1.2.0.jar
2026-05-04 10:02:56,598 [Worker-23: Launching myapp] INFO  o.eclipse.m2e.core.internal.Bundles - 	Entry: /snap/eclipse/132/usr/lib/eclipse/plugins/org.eclipse.m2e.maven.runtime_3.9.1200.20260112-2306/jars/plexus-cipher-2.0.jar
2026-05-04 10:02:56,598 [Worker-23: Launching myapp] INFO  o.eclipse.m2e.core.internal.Bundles - 	Entry: /snap/eclipse/132/usr/lib/eclipse/plugins/org.eclipse.m2e.maven.runtime_3.9.1200.20260112-2306/jars/plexus-classworlds-2.9.0.jar
2026-05-04 10:02:56,598 [Worker-23: Launching myapp] INFO  o.eclipse.m2e.core.internal.Bundles - 	Entry: /snap/eclipse/132/usr/lib/eclipse/plugins/org.eclipse.m2e.maven.runtime_3.9.1200.20260112-2306/jars/plexus-component-annotations-2.2.0.jar
2026-05-04 10:02:56,598 [Worker-23: Launching myapp] INFO  o.eclipse.m2e.core.internal.Bundles - 	Entry: /snap/eclipse/132/usr/lib/eclipse/plugins/org.eclipse.m2e.maven.runtime_3.9.1200.20260112-2306/jars/plexus-interpolation-1.29.jar
2026-05-04 10:02:56,598 [Worker-23: Launching myapp] INFO  o.eclipse.m2e.core.internal.Bundles - 	Entry: /snap/eclipse/132/usr/lib/eclipse/plugins/org.eclipse.m2e.maven.runtime_3.9.1200.20260112-2306/jars/plexus-sec-dispatcher-2.0.jar
2026-05-04 10:02:56,598 [Worker-23: Launching myapp] INFO  o.eclipse.m2e.core.internal.Bundles - 	Entry: /snap/eclipse/132/usr/lib/eclipse/plugins/org.eclipse.m2e.maven.runtime_3.9.1200.20260112-2306/jars/plexus-utils-3.6.0.jar
2026-05-04 10:02:56,598 [Worker-23: Launching myapp] INFO  o.eclipse.m2e.core.internal.Bundles - 	Entry: /snap/eclipse/132/usr/lib/eclipse/plugins/org.eclipse.m2e.maven.runtime_3.9.1200.20260112-2306/jars/wagon-file-3.5.3.jar
2026-05-04 10:02:56,598 [Worker-23: Launching myapp] INFO  o.eclipse.m2e.core.internal.Bundles - 	Entry: /snap/eclipse/132/usr/lib/eclipse/plugins/org.eclipse.m2e.maven.runtime_3.9.1200.20260112-2306/jars/wagon-http-3.5.3.jar
2026-05-04 10:02:56,598 [Worker-23: Launching myapp] INFO  o.eclipse.m2e.core.internal.Bundles - 	Entry: /snap/eclipse/132/usr/lib/eclipse/plugins/org.eclipse.m2e.maven.runtime_3.9.1200.20260112-2306/jars/wagon-http-shared-3.5.3.jar
2026-05-04 10:02:56,598 [Worker-23: Launching myapp] INFO  o.eclipse.m2e.core.internal.Bundles - 	Entry: /snap/eclipse/132/usr/lib/eclipse/plugins/org.eclipse.m2e.maven.runtime_3.9.1200.20260112-2306/jars/wagon-provider-api-3.5.3.jar
2026-05-04 10:02:56,599 [Worker-23: Launching myapp] INFO  o.eclipse.m2e.core.internal.Bundles - getClasspathEntries(Bundle=com.google.guava_33.5.0.jre [13])
2026-05-04 10:02:56,599 [Worker-23: Launching myapp] INFO  o.eclipse.m2e.core.internal.Bundles - 	Entry: /snap/eclipse/132/usr/lib/eclipse/plugins/com.google.guava_33.5.0.jre.jar
2026-05-04 10:02:56,599 [Worker-23: Launching myapp] INFO  o.eclipse.m2e.core.internal.Bundles - getClasspathEntries(Bundle=slf4j.api_2.0.17 [529])
2026-05-04 10:02:56,599 [Worker-23: Launching myapp] INFO  o.eclipse.m2e.core.internal.Bundles - 	Entry: /snap/eclipse/132/usr/lib/eclipse/plugins/slf4j.api_2.0.17.jar
2026-05-04 10:02:56,599 [Worker-23: Launching myapp] INFO  o.eclipse.m2e.core.internal.Bundles - getClasspathEntries(Bundle=jakarta.inject.jakarta.inject-api_1.0.5 [24])
2026-05-04 10:02:56,599 [Worker-23: Launching myapp] INFO  o.eclipse.m2e.core.internal.Bundles - 	Entry: /snap/eclipse/132/usr/lib/eclipse/plugins/jakarta.inject.jakarta.inject-api_1.0.5.jar
2026-05-04 10:02:56,599 [Worker-23: Launching myapp] INFO  o.eclipse.m2e.core.internal.Bundles - getClasspathEntries(Bundle=jakarta.annotation-api_1.3.5 [22])
2026-05-04 10:02:56,599 [Worker-23: Launching myapp] INFO  o.eclipse.m2e.core.internal.Bundles - 	Entry: /snap/eclipse/132/usr/lib/eclipse/plugins/jakarta.annotation-api_1.3.5.jar
2026-05-04 10:02:56,599 [Worker-23: Launching myapp] INFO  o.eclipse.m2e.core.internal.Bundles - getClasspathEntries(Bundle=org.apache.commons.cli_1.11.0 [55])
2026-05-04 10:02:56,599 [Worker-23: Launching myapp] INFO  o.eclipse.m2e.core.internal.Bundles - 	Entry: /snap/eclipse/132/usr/lib/eclipse/plugins/org.apache.commons.cli_1.11.0.jar
2026-05-04 10:02:56,599 [Worker-23: Launching myapp] INFO  o.eclipse.m2e.core.internal.Bundles - getClasspathEntries(Bundle=org.apache.commons.commons-codec_1.21.0 [561])
2026-05-04 10:02:56,599 [Worker-23: Launching myapp] INFO  o.eclipse.m2e.core.internal.Bundles - 	Entry: /snap/eclipse/132/usr/lib/eclipse/plugins/org.apache.commons.commons-codec_1.21.0.jar
2026-05-04 10:02:56,599 [Worker-23: Launching myapp] INFO  o.eclipse.m2e.core.internal.Bundles - getClasspathEntries(Bundle=com.google.guava.failureaccess_1.0.3 [14])
2026-05-04 10:02:56,599 [Worker-23: Launching myapp] INFO  o.eclipse.m2e.core.internal.Bundles - 	Entry: /snap/eclipse/132/usr/lib/eclipse/plugins/com.google.guava.failureaccess_1.0.3.jar
2026-05-04 10:02:56,600 [Worker-23: Launching myapp] INFO  o.e.m.i.launch.MavenLaunchDelegate - Run build in "/home/aiml/srinidhir/maven_project/myapp":
2026-05-04 10:02:56,602 [Worker-23: Launching myapp] INFO  o.e.m.i.launch.MavenLaunchDelegate -  mvn  -B -Dstyle.color=always 
